2013-09-06 11:48:58.882 HelloWorld[73404:19103] Multi-tasking -> Device: YES, App: YES
2013-09-06 11:49:00.382 HelloWorld[73404:19103] Resetting plugins due to page load.
2013-09-06 11:49:00.841 HelloWorld[73404:19103] Finished load of: file:///Users/Ries4/Library/Application%20Support/iPhone%20Simulator/6.0/Applications/39CE1156-6B0C-4D67-B8FF-29336F8B8EB7/HelloWorld.app/www/index.html
2013-09-13 14:24:02.764 HelloWorld[54411:19103] Multi-tasking -> Device: YES, App: YES
2013-09-13 14:29:00.687 HelloWorld[55891:19103] Multi-tasking -> Device: YES, App: YES
2013-09-13 14:29:00.719 HelloWorld[55891:19103] Resetting plugins due to page load.
2013-09-13 14:29:00.760 HelloWorld[55891:19103] Finished load of: file:///Users/Ries4/Library/Application%20Support/iPhone%20Simulator/6.0/Applications/39CE1156-6B0C-4D67-B8FF-29336F8B8EB7/HelloWorld.app/www/index.html
2013-09-13 14:31:06.273 HelloWorld[56674:19103] Multi-tasking -> Device: YES, App: YES
2013-09-13 14:31:06.305 HelloWorld[56674:19103] Resetting plugins due to page load.
2013-09-13 14:31:06.340 HelloWorld[56674:19103] Finished load of: file:///Users/Ries4/Library/Application%20Support/iPhone%20Simulator/6.0/Applications/39CE1156-6B0C-4D67-B8FF-29336F8B8EB7/HelloWorld.app/www/index.html
2013-09-13 14:31:36.769 HelloWorld[57120:19103] Multi-tasking -> Device: YES, App: YES
2013-09-13 14:31:36.800 HelloWorld[57120:19103] Resetting plugins due to page load.
2013-09-13 14:31:36.837 HelloWorld[57120:19103] Finished load of: file:///Users/Ries4/Library/Application%20Support/iPhone%20Simulator/6.0/Applications/39CE1156-6B0C-4D67-B8FF-29336F8B8EB7/HelloWorld.app/www/index.html
2013-09-13 14:32:16.184 HelloWorld[57602:19103] Multi-tasking -> Device: YES, App: YES
2013-09-13 14:32:16.214 HelloWorld[57602:19103] Resetting plugins due to page load.
2013-09-13 14:32:16.248 HelloWorld[57602:19103] Finished load of: file:///Users/Ries4/Library/Application%20Support/iPhone%20Simulator/6.0/Applications/39CE1156-6B0C-4D67-B8FF-29336F8B8EB7/HelloWorld.app/www/index.html
2013-09-13 14:32:46.167 HelloWorld[58050:19103] Multi-tasking -> Device: YES, App: YES
2013-09-13 14:32:46.197 HelloWorld[58050:19103] Resetting plugins due to page load.
2013-09-13 14:32:46.231 HelloWorld[58050:19103] Finished load of: file:///Users/Ries4/Library/Application%20Support/iPhone%20Simulator/6.0/Applications/39CE1156-6B0C-4D67-B8FF-29336F8B8EB7/HelloWorld.app/www/index.html
2013-09-13 14:33:12.029 HelloWorld[58497:19103] Multi-tasking -> Device: YES, App: YES
2013-09-13 14:33:12.060 HelloWorld[58497:19103] Resetting plugins due to page load.
2013-09-13 14:33:12.095 HelloWorld[58497:19103] Finished load of: file:///Users/Ries4/Library/Application%20Support/iPhone%20Simulator/6.0/Applications/39CE1156-6B0C-4D67-B8FF-29336F8B8EB7/HelloWorld.app/www/index.html
2013-09-13 14:35:19.724 HelloWorld[59298:19103] Multi-tasking -> Device: YES, App: YES
2013-09-13 14:35:19.754 HelloWorld[59298:19103] Resetting plugins due to page load.
2013-09-13 14:35:19.792 HelloWorld[59298:19103] Finished load of: file:///Users/Ries4/Library/Application%20Support/iPhone%20Simulator/6.0/Applications/39CE1156-6B0C-4D67-B8FF-29336F8B8EB7/HelloWorld.app/www/index.html
2013-09-13 14:36:07.021 HelloWorld[59831:19103] Multi-tasking -> Device: YES, App: YES
2013-09-13 14:36:07.050 HelloWorld[59831:19103] Resetting plugins due to page load.
2013-09-13 14:36:07.093 HelloWorld[59831:19103] Finished load of: file:///Users/Ries4/Library/Application%20Support/iPhone%20Simulator/6.0/Applications/39CE1156-6B0C-4D67-B8FF-29336F8B8EB7/HelloWorld.app/www/index.html
2013-09-13 14:36:28.074 HelloWorld[60254:19103] Multi-tasking -> Device: YES, App: YES
2013-09-13 14:36:28.105 HelloWorld[60254:19103] Resetting plugins due to page load.
2013-09-13 14:36:28.151 HelloWorld[60254:19103] Finished load of: file:///Users/Ries4/Library/Application%20Support/iPhone%20Simulator/6.0/Applications/39CE1156-6B0C-4D67-B8FF-29336F8B8EB7/HelloWorld.app/www/index.html
2013-09-13 14:36:52.896 HelloWorld[60712:19103] Multi-tasking -> Device: YES, App: YES
2013-09-13 14:36:52.929 HelloWorld[60712:19103] Resetting plugins due to page load.
2013-09-13 14:36:52.970 HelloWorld[60712:19103] Finished load of: file:///Users/Ries4/Library/Application%20Support/iPhone%20Simulator/6.0/Applications/39CE1156-6B0C-4D67-B8FF-29336F8B8EB7/HelloWorld.app/www/index.html
2013-09-13 14:37:29.523 HelloWorld[61177:19103] Multi-tasking -> Device: YES, App: YES
2013-09-13 14:37:29.553 HelloWorld[61177:19103] Resetting plugins due to page load.
2013-09-13 14:37:29.596 HelloWorld[61177:19103] Finished load of: file:///Users/Ries4/Library/Application%20Support/iPhone%20Simulator/6.0/Applications/39CE1156-6B0C-4D67-B8FF-29336F8B8EB7/HelloWorld.app/www/index.html
2013-09-13 14:38:50.938 HelloWorld[61827:19103] Multi-tasking -> Device: YES, App: YES
2013-09-13 14:38:50.969 HelloWorld[61827:19103] Resetting plugins due to page load.
2013-09-13 14:38:51.012 HelloWorld[61827:19103] Finished load of: file:///Users/Ries4/Library/Application%20Support/iPhone%20Simulator/6.0/Applications/39CE1156-6B0C-4D67-B8FF-29336F8B8EB7/HelloWorld.app/www/index.html
2013-09-13 14:40:50.231 HelloWorld[62620:19103] Multi-tasking -> Device: YES, App: YES
2013-09-13 14:40:50.261 HelloWorld[62620:19103] Resetting plugins due to page load.
2013-09-13 14:40:50.306 HelloWorld[62620:19103] Finished load of: file:///Users/Ries4/Library/Application%20Support/iPhone%20Simulator/6.0/Applications/39CE1156-6B0C-4D67-B8FF-29336F8B8EB7/HelloWorld.app/www/index.html
2013-09-13 14:41:58.026 HelloWorld[63231:19103] Multi-tasking -> Device: YES, App: YES
2013-09-13 14:41:58.060 HelloWorld[63231:19103] Resetting plugins due to page load.
2013-09-13 14:41:58.105 HelloWorld[63231:19103] Finished load of: file:///Users/Ries4/Library/Application%20Support/iPhone%20Simulator/6.0/Applications/39CE1156-6B0C-4D67-B8FF-29336F8B8EB7/HelloWorld.app/www/index.html
2013-09-13 14:42:55.238 HelloWorld[63857:19103] Multi-tasking -> Device: YES, App: YES
2013-09-13 14:42:55.328 HelloWorld[63857:19103] Resetting plugins due to page load.
2013-09-13 14:42:55.387 HelloWorld[63857:19103] Finished load of: file:///Users/Ries4/Library/Application%20Support/iPhone%20Simulator/6.0/Applications/A4ADB491-0C2F-42C4-98D8-DEF75F94A204/HelloWorld.app/www/index.html
2013-09-13 15:06:08.981 HelloWorld[69384:19103] Multi-tasking -> Device: YES, App: YES
2013-09-13 15:06:09.041 HelloWorld[69384:19103] Resetting plugins due to page load.
2013-09-13 15:06:09.085 HelloWorld[69384:19103] Finished load of: file:///Users/Ries4/Library/Application%20Support/iPhone%20Simulator/6.0/Applications/A4ADB491-0C2F-42C4-98D8-DEF75F94A204/HelloWorld.app/www/index.html
2013-09-13 15:07:45.851 HelloWorld[70118:19103] Multi-tasking -> Device: YES, App: YES
2013-09-13 15:07:45.906 HelloWorld[70118:19103] Resetting plugins due to page load.
2013-09-13 15:07:45.951 HelloWorld[70118:19103] Finished load of: file:///Users/Ries4/Library/Application%20Support/iPhone%20Simulator/6.0/Applications/E98CFA04-05CF-429B-BAC4-171D1DD4DAC1/HelloWorld.app/www/index.html
2013-09-13 15:10:42.865 Air Hockey[71466:19103] Multi-tasking -> Device: YES, App: YES
2013-09-13 15:10:42.925 Air Hockey[71466:19103] Resetting plugins due to page load.
2013-09-13 15:10:42.968 Air Hockey[71466:19103] Finished load of: file:///Users/Ries4/Library/Application%20Support/iPhone%20Simulator/6.0/Applications/C5A88E78-BD7B-47EA-B01B-3CE430CB1EAC/Air%20Hockey.app/www/index.html
2013-09-13 15:11:40.093 Air Hockey[72034:19103] Multi-tasking -> Device: YES, App: YES
2013-09-13 15:11:40.155 Air Hockey[72034:19103] Resetting plugins due to page load.
2013-09-13 15:11:40.207 Air Hockey[72034:19103] Finished load of: file:///Users/Ries4/Library/Application%20Support/iPhone%20Simulator/6.0/Applications/698306F8-C44B-4004-A400-51FF2EA26F17/Air%20Hockey.app/www/index.html
